<?xml version="1.0" encoding="UTF-8"?>
<!-- Generated by org.testng.reporters.JUnitReportReporter -->
<testsuite hostname="DESKTOP-FIG0BF1" failures="0" tests="1" name="restAPI.PostRequest" time="2.704" errors="0" timestamp="29 Dec 2022 06:37:09 GMT" skipped="0">
  <testcase classname="restAPI.PostRequest" name="test1" time="2.704"/>
</testsuite> <!-- restAPI.PostRequest -->
