<?xml version="1.0" encoding="UTF-8"?>
<!-- Generated by org.testng.reporters.JUnitReportReporter -->
<testsuite hostname="DESKTOP-FIG0BF1" failures="0" tests="1" name="restAPI.GetRequestwithParam" time="3.068" errors="0" timestamp="29 Dec 2022 05:53:18 GMT" skipped="0">
  <testcase classname="restAPI.GetRequestwithParam" name="test1" time="3.068"/>
</testsuite> <!-- restAPI.GetRequestwithParam -->
