<?xml version="1.0" encoding="UTF-8"?>
<!-- Generated by org.testng.reporters.JUnitReportReporter -->
<testsuite hostname="DESKTOP-FIG0BF1" failures="0" tests="1" name="restAPI.PutRequest" time="2.707" errors="0" timestamp="29 Dec 2022 17:40:52 GMT" skipped="0">
  <testcase classname="restAPI.PutRequest" name="test1" time="2.707"/>
</testsuite> <!-- restAPI.PutRequest -->
