<?xml version="1.0" encoding="UTF-8"?>
<!-- Generated by org.testng.reporters.JUnitReportReporter -->
<testsuite hostname="DESKTOP-FIG0BF1" failures="0" tests="1" name="restAPIXML.XMLExample" time="3.584" errors="0" timestamp="29 Dec 2022 18:19:09 GMT" skipped="0">
  <testcase classname="restAPIXML.XMLExample" name="test1" time="3.584"/>
</testsuite> <!-- restAPIXML.XMLExample -->
