<?xml version="1.0" encoding="UTF-8"?>
<!-- Generated by org.testng.reporters.JUnitReportReporter -->
<testsuite hostname="DESKTOP-FIG0BF1" failures="0" tests="1" name="restAPI.PostRequestwithFile" time="3.286" errors="0" timestamp="29 Dec 2022 17:28:02 GMT" skipped="0">
  <testcase classname="restAPI.PostRequestwithFile" name="test1" time="3.286"/>
</testsuite> <!-- restAPI.PostRequestwithFile -->
