<?xml version="1.0" encoding="UTF-8"?>
<!-- Generated by org.testng.reporters.JUnitReportReporter -->
<testsuite hostname="DESKTOP-FIG0BF1" failures="0" tests="1" name="restAPI.GetRequest" time="3.505" errors="0" timestamp="29 Dec 2022 16:05:15 GMT" skipped="0">
  <testcase classname="restAPI.GetRequest" name="test1" time="3.505"/>
</testsuite> <!-- restAPI.GetRequest -->
