<?xml version="1.0" encoding="UTF-8"?>
<!-- Generated by org.testng.reporters.JUnitReportReporter -->
<testsuite hostname="DESKTOP-FIG0BF1" failures="0" tests="1" name="restGitHub.CreateRepo" time="6.770" errors="0" timestamp="29 Dec 2022 19:28:34 GMT" skipped="0">
  <testcase classname="restGitHub.CreateRepo" name="test1" time="6.770"/>
</testsuite> <!-- restGitHub.CreateRepo -->
